<?xml version="1.0" encoding="UTF-8"?>
<testsuite xmlns:xsi="http://www.w3.org/2001/XMLSchema-instance" xsi:noNamespaceSchemaLocation="https://maven.apache.org/surefire/maven-surefire-plugin/xsd/surefire-test-report-3.0.xsd" version="3.0" name="edu.ucsb.cs156.example.controllers.HelpRequestControllerTests" time="0.221" tests="13" errors="0" skipped="0" failures="0">
  <properties>
    <property name="java.specification.version" value="21"/>
    <property name="sun.jnu.encoding" value="UTF-8"/>
    <property name="java.class.path" value="/Users/eugenewong/Documents/cs156/team01-f24-07/target/test-classes:/Users/eugenewong/Documents/cs156/team01-f24-07/target/classes:/Users/eugenewong/.m2/repository/org/springframework/boot/spring-boot-starter-data-jpa/3.3.4/spring-boot-starter-data-jpa-3.3.4.jar:/Users/eugenewong/.m2/repository/org/springframework/boot/spring-boot-starter-aop/3.3.4/spring-boot-starter-aop-3.3.4.jar:/Users/eugenewong/.m2/repository/org/aspectj/aspectjweaver/1.9.22.1/aspectjweaver-1.9.22.1.jar:/Users/eugenewong/.m2/repository/org/springframework/boot/spring-boot-starter-jdbc/3.3.4/spring-boot-starter-jdbc-3.3.4.jar:/Users/eugenewong/.m2/repository/com/zaxxer/HikariCP/5.1.0/HikariCP-5.1.0.jar:/Users/eugenewong/.m2/repository/org/springframework/spring-jdbc/6.1.13/spring-jdbc-6.1.13.jar:/Users/eugenewong/.m2/repository/org/hibernate/orm/hibernate-core/6.5.3.Final/hibernate-core-6.5.3.Final.jar:/Users/eugenewong/.m2/repository/jakarta/persistence/jakarta.persistence-api/3.1.0/jakarta.persistence-api-3.1.0.jar:/Users/eugenewong/.m2/repository/jakarta/transaction/jakarta.transaction-api/2.0.1/jakarta.transaction-api-2.0.1.jar:/Users/eugenewong/.m2/repository/org/jboss/logging/jboss-logging/3.5.3.Final/jboss-logging-3.5.3.Final.jar:/Users/eugenewong/.m2/repository/org/hibernate/common/hibernate-commons-annotations/6.0.6.Final/hibernate-commons-annotations-6.0.6.Final.jar:/Users/eugenewong/.m2/repository/io/smallrye/jandex/3.1.2/jandex-3.1.2.jar:/Users/eugenewong/.m2/repository/com/fasterxml/classmate/1.7.0/classmate-1.7.0.jar:/Users/eugenewong/.m2/repository/net/bytebuddy/byte-buddy/1.14.19/byte-buddy-1.14.19.jar:/Users/eugenewong/.m2/repository/org/glassfish/jaxb/jaxb-runtime/4.0.5/jaxb-runtime-4.0.5.jar:/Users/eugenewong/.m2/repository/org/glassfish/jaxb/jaxb-core/4.0.5/jaxb-core-4.0.5.jar:/Users/eugenewong/.m2/repository/org/eclipse/angus/angus-activation/2.0.2/angus-activation-2.0.2.jar:/Users/eugenewong/.m2/repository/org/glassfish/jaxb/txw2/4.0.5/txw2-4.0.5.jar:/Users/eugenewong/.m2/repository/com/sun/istack/istack-commons-runtime/4.1.2/istack-commons-runtime-4.1.2.jar:/Users/eugenewong/.m2/repository/jakarta/inject/jakarta.inject-api/2.0.1/jakarta.inject-api-2.0.1.jar:/Users/eugenewong/.m2/repository/org/antlr/antlr4-runtime/4.13.0/antlr4-runtime-4.13.0.jar:/Users/eugenewong/.m2/repository/org/springframework/data/spring-data-jpa/3.3.4/spring-data-jpa-3.3.4.jar:/Users/eugenewong/.m2/repository/org/springframework/data/spring-data-commons/3.3.4/spring-data-commons-3.3.4.jar:/Users/eugenewong/.m2/repository/org/springframework/spring-orm/6.1.13/spring-orm-6.1.13.jar:/Users/eugenewong/.m2/repository/org/springframework/spring-context/6.1.13/spring-context-6.1.13.jar:/Users/eugenewong/.m2/repository/org/springframework/spring-tx/6.1.13/spring-tx-6.1.13.jar:/Users/eugenewong/.m2/repository/org/springframework/spring-beans/6.1.13/spring-beans-6.1.13.jar:/Users/eugenewong/.m2/repository/jakarta/annotation/jakarta.annotation-api/2.1.1/jakarta.annotation-api-2.1.1.jar:/Users/eugenewong/.m2/repository/org/slf4j/slf4j-api/2.0.16/slf4j-api-2.0.16.jar:/Users/eugenewong/.m2/repository/org/springframework/spring-aspects/6.1.13/spring-aspects-6.1.13.jar:/Users/eugenewong/.m2/repository/org/springframework/boot/spring-boot-starter-oauth2-client/3.3.4/spring-boot-starter-oauth2-client-3.3.4.jar:/Users/eugenewong/.m2/repository/org/springframework/boot/spring-boot-starter/3.3.4/spring-boot-starter-3.3.4.jar:/Users/eugenewong/.m2/repository/org/springframework/boot/spring-boot-starter-logging/3.3.4/spring-boot-starter-logging-3.3.4.jar:/Users/eugenewong/.m2/repository/ch/qos/logback/logback-classic/1.5.8/logback-classic-1.5.8.jar:/Users/eugenewong/.m2/repository/ch/qos/logback/logback-core/1.5.8/logback-core-1.5.8.jar:/Users/eugenewong/.m2/repository/org/apache/logging/log4j/log4j-to-slf4j/2.23.1/log4j-to-slf4j-2.23.1.jar:/Users/eugenewong/.m2/repository/org/apache/logging/log4j/log4j-api/2.23.1/log4j-api-2.23.1.jar:/Users/eugenewong/.m2/repository/org/slf4j/jul-to-slf4j/2.0.16/jul-to-slf4j-2.0.16.jar:/Users/eugenewong/.m2/repository/org/yaml/snakeyaml/2.2/snakeyaml-2.2.jar:/Users/eugenewong/.m2/repository/org/springframework/security/spring-security-config/6.3.3/spring-security-config-6.3.3.jar:/Users/eugenewong/.m2/repository/org/springframework/security/spring-security-core/6.3.3/spring-security-core-6.3.3.jar:/Users/eugenewong/.m2/repository/org/springframework/security/spring-security-crypto/6.3.3/spring-security-crypto-6.3.3.jar:/Users/eugenewong/.m2/repository/org/springframework/spring-expression/6.1.13/spring-expression-6.1.13.jar:/Users/eugenewong/.m2/repository/io/micrometer/micrometer-observation/1.13.4/micrometer-observation-1.13.4.jar:/Users/eugenewong/.m2/repository/io/micrometer/micrometer-commons/1.13.4/micrometer-commons-1.13.4.jar:/Users/eugenewong/.m2/repository/org/springframework/security/spring-security-oauth2-client/6.3.3/spring-security-oauth2-client-6.3.3.jar:/Users/eugenewong/.m2/repository/org/springframework/security/spring-security-oauth2-core/6.3.3/spring-security-oauth2-core-6.3.3.jar:/Users/eugenewong/.m2/repository/com/nimbusds/oauth2-oidc-sdk/9.43.4/oauth2-oidc-sdk-9.43.4.jar:/Users/eugenewong/.m2/repository/com/github/stephenc/jcip/jcip-annotations/1.0-1/jcip-annotations-1.0-1.jar:/Users/eugenewong/.m2/repository/com/nimbusds/content-type/2.2/content-type-2.2.jar:/Users/eugenewong/.m2/repository/com/nimbusds/lang-tag/1.7/lang-tag-1.7.jar:/Users/eugenewong/.m2/repository/org/springframework/security/spring-security-oauth2-jose/6.3.3/spring-security-oauth2-jose-6.3.3.jar:/Users/eugenewong/.m2/repository/com/nimbusds/nimbus-jose-jwt/9.37.3/nimbus-jose-jwt-9.37.3.jar:/Users/eugenewong/.m2/repository/org/springframework/boot/spring-boot-starter-security/3.3.4/spring-boot-starter-security-3.3.4.jar:/Users/eugenewong/.m2/repository/org/springframework/spring-aop/6.1.13/spring-aop-6.1.13.jar:/Users/eugenewong/.m2/repository/org/springframework/security/spring-security-web/6.3.3/spring-security-web-6.3.3.jar:/Users/eugenewong/.m2/repository/org/springframework/boot/spring-boot-starter-web/3.3.4/spring-boot-starter-web-3.3.4.jar:/Users/eugenewong/.m2/repository/org/springframework/boot/spring-boot-starter-json/3.3.4/spring-boot-starter-json-3.3.4.jar:/Users/eugenewong/.m2/repository/com/fasterxml/jackson/core/jackson-databind/2.17.2/jackson-databind-2.17.2.jar:/Users/eugenewong/.m2/repository/com/fasterxml/jackson/datatype/jackson-datatype-jdk8/2.17.2/jackson-datatype-jdk8-2.17.2.jar:/Users/eugenewong/.m2/repository/com/fasterxml/jackson/datatype/jackson-datatype-jsr310/2.17.2/jackson-datatype-jsr310-2.17.2.jar:/Users/eugenewong/.m2/repository/com/fasterxml/jackson/module/jackson-module-parameter-names/2.17.2/jackson-module-parameter-names-2.17.2.jar:/Users/eugenewong/.m2/repository/org/springframework/boot/spring-boot-starter-tomcat/3.3.4/spring-boot-starter-tomcat-3.3.4.jar:/Users/eugenewong/.m2/repository/org/apache/tomcat/embed/tomcat-embed-core/10.1.30/tomcat-embed-core-10.1.30.jar:/Users/eugenewong/.m2/repository/org/apache/tomcat/embed/tomcat-embed-el/10.1.30/tomcat-embed-el-10.1.30.jar:/Users/eugenewong/.m2/repository/org/apache/tomcat/embed/tomcat-embed-websocket/10.1.30/tomcat-embed-websocket-10.1.30.jar:/Users/eugenewong/.m2/repository/org/springframework/spring-web/6.1.13/spring-web-6.1.13.jar:/Users/eugenewong/.m2/repository/org/springframework/spring-webmvc/6.1.13/spring-webmvc-6.1.13.jar:/Users/eugenewong/.m2/repository/org/springframework/cloud/spring-cloud-gateway-mvc/4.1.3/spring-cloud-gateway-mvc-4.1.3.jar:/Users/eugenewong/.m2/repository/me/paulschwarz/spring-dotenv/2.4.1/spring-dotenv-2.4.1.jar:/Users/eugenewong/.m2/repository/io/github/cdimascio/dotenv-java/2.2.0/dotenv-java-2.2.0.jar:/Users/eugenewong/.m2/repository/org/projectlombok/lombok/1.18.34/lombok-1.18.34.jar:/Users/eugenewong/.m2/repository/org/springframework/boot/spring-boot-devtools/3.3.4/spring-boot-devtools-3.3.4.jar:/Users/eugenewong/.m2/repository/org/springframework/boot/spring-boot/3.3.4/spring-boot-3.3.4.jar:/Users/eugenewong/.m2/repository/org/springframework/boot/spring-boot-autoconfigure/3.3.4/spring-boot-autoconfigure-3.3.4.jar:/Users/eugenewong/.m2/repository/org/postgresql/postgresql/42.7.4/postgresql-42.7.4.jar:/Users/eugenewong/.m2/repository/org/checkerframework/checker-qual/3.42.0/checker-qual-3.42.0.jar:/Users/eugenewong/.m2/repository/org/springframework/boot/spring-boot-configuration-processor/3.3.4/spring-boot-configuration-processor-3.3.4.jar:/Users/eugenewong/.m2/repository/org/springframework/boot/spring-boot-starter-test/3.3.4/spring-boot-starter-test-3.3.4.jar:/Users/eugenewong/.m2/repository/org/springframework/boot/spring-boot-test/3.3.4/spring-boot-test-3.3.4.jar:/Users/eugenewong/.m2/repository/org/springframework/boot/spring-boot-test-autoconfigure/3.3.4/spring-boot-test-autoconfigure-3.3.4.jar:/Users/eugenewong/.m2/repository/com/jayway/jsonpath/json-path/2.9.0/json-path-2.9.0.jar:/Users/eugenewong/.m2/repository/jakarta/xml/bind/jakarta.xml.bind-api/4.0.2/jakarta.xml.bind-api-4.0.2.jar:/Users/eugenewong/.m2/repository/jakarta/activation/jakarta.activation-api/2.1.3/jakarta.activation-api-2.1.3.jar:/Users/eugenewong/.m2/repository/net/minidev/json-smart/2.5.1/json-smart-2.5.1.jar:/Users/eugenewong/.m2/repository/net/minidev/accessors-smart/2.5.1/accessors-smart-2.5.1.jar:/Users/eugenewong/.m2/repository/org/ow2/asm/asm/9.6/asm-9.6.jar:/Users/eugenewong/.m2/repository/org/assertj/assertj-core/3.25.3/assertj-core-3.25.3.jar:/Users/eugenewong/.m2/repository/org/awaitility/awaitility/4.2.2/awaitility-4.2.2.jar:/Users/eugenewong/.m2/repository/org/hamcrest/hamcrest/2.2/hamcrest-2.2.jar:/Users/eugenewong/.m2/repository/org/junit/jupiter/junit-jupiter/5.10.3/junit-jupiter-5.10.3.jar:/Users/eugenewong/.m2/repository/org/junit/jupiter/junit-jupiter-api/5.10.3/junit-jupiter-api-5.10.3.jar:/Users/eugenewong/.m2/repository/org/junit/platform/junit-platform-commons/1.10.3/junit-platform-commons-1.10.3.jar:/Users/eugenewong/.m2/repository/org/apiguardian/apiguardian-api/1.1.2/apiguardian-api-1.1.2.jar:/Users/eugenewong/.m2/repository/org/junit/jupiter/junit-jupiter-params/5.10.3/junit-jupiter-params-5.10.3.jar:/Users/eugenewong/.m2/repository/org/junit/jupiter/junit-jupiter-engine/5.10.3/junit-jupiter-engine-5.10.3.jar:/Users/eugenewong/.m2/repository/org/junit/platform/junit-platform-engine/1.10.3/junit-platform-engine-1.10.3.jar:/Users/eugenewong/.m2/repository/org/mockito/mockito-core/5.11.0/mockito-core-5.11.0.jar:/Users/eugenewong/.m2/repository/net/bytebuddy/byte-buddy-agent/1.14.19/byte-buddy-agent-1.14.19.jar:/Users/eugenewong/.m2/repository/org/objenesis/objenesis/3.3/objenesis-3.3.jar:/Users/eugenewong/.m2/repository/org/mockito/mockito-junit-jupiter/5.11.0/mockito-junit-jupiter-5.11.0.jar:/Users/eugenewong/.m2/repository/org/skyscreamer/jsonassert/1.5.3/jsonassert-1.5.3.jar:/Users/eugenewong/.m2/repository/com/vaadin/external/google/android-json/0.0.20131108.vaadin1/android-json-0.0.20131108.vaadin1.jar:/Users/eugenewong/.m2/repository/org/springframework/spring-core/6.1.13/spring-core-6.1.13.jar:/Users/eugenewong/.m2/repository/org/springframework/spring-jcl/6.1.13/spring-jcl-6.1.13.jar:/Users/eugenewong/.m2/repository/org/springframework/spring-test/6.1.13/spring-test-6.1.13.jar:/Users/eugenewong/.m2/repository/org/xmlunit/xmlunit-core/2.9.1/xmlunit-core-2.9.1.jar:/Users/eugenewong/.m2/repository/org/springframework/security/spring-security-test/6.3.3/spring-security-test-6.3.3.jar:/Users/eugenewong/.m2/repository/com/microsoft/playwright/playwright/1.47.0/playwright-1.47.0.jar:/Users/eugenewong/.m2/repository/com/google/code/gson/gson/2.10.1/gson-2.10.1.jar:/Users/eugenewong/.m2/repository/org/opentest4j/opentest4j/1.3.0/opentest4j-1.3.0.jar:/Users/eugenewong/.m2/repository/com/microsoft/playwright/driver/1.47.0/driver-1.47.0.jar:/Users/eugenewong/.m2/repository/com/microsoft/playwright/driver-bundle/1.47.0/driver-bundle-1.47.0.jar:/Users/eugenewong/.m2/repository/org/wiremock/wiremock-jetty12/3.9.1/wiremock-jetty12-3.9.1.jar:/Users/eugenewong/.m2/repository/org/wiremock/wiremock/3.9.1/wiremock-3.9.1.jar:/Users/eugenewong/.m2/repository/com/google/guava/guava/33.2.1-jre/guava-33.2.1-jre.jar:/Users/eugenewong/.m2/repository/com/google/guava/failureaccess/1.0.2/failureaccess-1.0.2.jar:/Users/eugenewong/.m2/repository/com/google/guava/listenablefuture/9999.0-empty-to-avoid-conflict-with-guava/listenablefuture-9999.0-empty-to-avoid-conflict-with-guava.jar:/Users/eugenewong/.m2/repository/com/google/errorprone/error_prone_annotations/2.26.1/error_prone_annotations-2.26.1.jar:/Users/eugenewong/.m2/repository/com/google/j2objc/j2objc-annotations/3.0.0/j2objc-annotations-3.0.0.jar:/Users/eugenewong/.m2/repository/com/fasterxml/jackson/core/jackson-core/2.17.2/jackson-core-2.17.2.jar:/Users/eugenewong/.m2/repository/com/fasterxml/jackson/core/jackson-annotations/2.17.2/jackson-annotations-2.17.2.jar:/Users/eugenewong/.m2/repository/org/apache/httpcomponents/client5/httpclient5/5.3.1/httpclient5-5.3.1.jar:/Users/eugenewong/.m2/repository/org/apache/httpcomponents/core5/httpcore5/5.2.5/httpcore5-5.2.5.jar:/Users/eugenewong/.m2/repository/org/apache/httpcomponents/core5/httpcore5-h2/5.2.5/httpcore5-h2-5.2.5.jar:/Users/eugenewong/.m2/repository/org/xmlunit/xmlunit-legacy/2.9.1/xmlunit-legacy-2.9.1.jar:/Users/eugenewong/.m2/repository/org/xmlunit/xmlunit-placeholders/2.9.1/xmlunit-placeholders-2.9.1.jar:/Users/eugenewong/.m2/repository/net/javacrumbs/json-unit/json-unit-core/2.40.0/json-unit-core-2.40.0.jar:/Users/eugenewong/.m2/repository/org/hamcrest/hamcrest-core/2.2/hamcrest-core-2.2.jar:/Users/eugenewong/.m2/repository/net/sf/jopt-simple/jopt-simple/5.0.4/jopt-simple-5.0.4.jar:/Users/eugenewong/.m2/repository/com/github/jknack/handlebars/4.3.1/handlebars-4.3.1.jar:/Users/eugenewong/.m2/repository/com/github/jknack/handlebars-helpers/4.3.1/handlebars-helpers-4.3.1.jar:/Users/eugenewong/.m2/repository/commons-fileupload/commons-fileupload/1.5/commons-fileupload-1.5.jar:/Users/eugenewong/.m2/repository/commons-io/commons-io/2.11.0/commons-io-2.11.0.jar:/Users/eugenewong/.m2/repository/com/networknt/json-schema-validator/1.5.0/json-schema-validator-1.5.0.jar:/Users/eugenewong/.m2/repository/com/ethlo/time/itu/1.10.2/itu-1.10.2.jar:/Users/eugenewong/.m2/repository/com/fasterxml/jackson/dataformat/jackson-dataformat-yaml/2.17.2/jackson-dataformat-yaml-2.17.2.jar:/Users/eugenewong/.m2/repository/org/eclipse/jetty/jetty-server/12.0.13/jetty-server-12.0.13.jar:/Users/eugenewong/.m2/repository/org/eclipse/jetty/jetty-http/12.0.13/jetty-http-12.0.13.jar:/Users/eugenewong/.m2/repository/org/eclipse/jetty/jetty-io/12.0.13/jetty-io-12.0.13.jar:/Users/eugenewong/.m2/repository/org/eclipse/jetty/jetty-proxy/12.0.13/jetty-proxy-12.0.13.jar:/Users/eugenewong/.m2/repository/org/eclipse/jetty/jetty-client/12.0.13/jetty-client-12.0.13.jar:/Users/eugenewong/.m2/repository/org/eclipse/jetty/jetty-alpn-server/12.0.13/jetty-alpn-server-12.0.13.jar:/Users/eugenewong/.m2/repository/org/eclipse/jetty/jetty-alpn-java-server/12.0.13/jetty-alpn-java-server-12.0.13.jar:/Users/eugenewong/.m2/repository/org/eclipse/jetty/jetty-alpn-java-client/12.0.13/jetty-alpn-java-client-12.0.13.jar:/Users/eugenewong/.m2/repository/org/eclipse/jetty/jetty-alpn-client/12.0.13/jetty-alpn-client-12.0.13.jar:/Users/eugenewong/.m2/repository/org/eclipse/jetty/ee10/jetty-ee10-servlet/12.0.13/jetty-ee10-servlet-12.0.13.jar:/Users/eugenewong/.m2/repository/jakarta/servlet/jakarta.servlet-api/6.0.0/jakarta.servlet-api-6.0.0.jar:/Users/eugenewong/.m2/repository/org/eclipse/jetty/jetty-security/12.0.13/jetty-security-12.0.13.jar:/Users/eugenewong/.m2/repository/org/eclipse/jetty/jetty-session/12.0.13/jetty-session-12.0.13.jar:/Users/eugenewong/.m2/repository/org/eclipse/jetty/ee10/jetty-ee10-servlets/12.0.13/jetty-ee10-servlets-12.0.13.jar:/Users/eugenewong/.m2/repository/org/eclipse/jetty/jetty-util/12.0.13/jetty-util-12.0.13.jar:/Users/eugenewong/.m2/repository/org/eclipse/jetty/ee10/jetty-ee10-webapp/12.0.13/jetty-ee10-webapp-12.0.13.jar:/Users/eugenewong/.m2/repository/org/eclipse/jetty/jetty-ee/12.0.13/jetty-ee-12.0.13.jar:/Users/eugenewong/.m2/repository/org/eclipse/jetty/jetty-xml/12.0.13/jetty-xml-12.0.13.jar:/Users/eugenewong/.m2/repository/org/eclipse/jetty/http2/jetty-http2-server/12.0.13/jetty-http2-server-12.0.13.jar:/Users/eugenewong/.m2/repository/org/eclipse/jetty/http2/jetty-http2-common/12.0.13/jetty-http2-common-12.0.13.jar:/Users/eugenewong/.m2/repository/org/eclipse/jetty/http2/jetty-http2-hpack/12.0.13/jetty-http2-hpack-12.0.13.jar:/Users/eugenewong/.m2/repository/jakarta/validation/jakarta.validation-api/3.1.0/jakarta.validation-api-3.1.0.jar:/Users/eugenewong/.m2/repository/org/springdoc/springdoc-openapi-starter-webmvc-ui/2.5.0/springdoc-openapi-starter-webmvc-ui-2.5.0.jar:/Users/eugenewong/.m2/repository/org/springdoc/springdoc-openapi-starter-webmvc-api/2.5.0/springdoc-openapi-starter-webmvc-api-2.5.0.jar:/Users/eugenewong/.m2/repository/org/springdoc/springdoc-openapi-starter-common/2.5.0/springdoc-openapi-starter-common-2.5.0.jar:/Users/eugenewong/.m2/repository/io/swagger/core/v3/swagger-core-jakarta/2.2.21/swagger-core-jakarta-2.2.21.jar:/Users/eugenewong/.m2/repository/io/swagger/core/v3/swagger-annotations-jakarta/2.2.21/swagger-annotations-jakarta-2.2.21.jar:/Users/eugenewong/.m2/repository/io/swagger/core/v3/swagger-models-jakarta/2.2.21/swagger-models-jakarta-2.2.21.jar:/Users/eugenewong/.m2/repository/org/webjars/swagger-ui/5.13.0/swagger-ui-5.13.0.jar:/Users/eugenewong/.m2/repository/org/liquibase/liquibase-maven-plugin/4.29.2/liquibase-maven-plugin-4.29.2.jar:/Users/eugenewong/.m2/repository/org/liquibase/liquibase-core/4.27.0/liquibase-core-4.27.0.jar:/Users/eugenewong/.m2/repository/com/opencsv/opencsv/5.9/opencsv-5.9.jar:/Users/eugenewong/.m2/repository/org/apache/commons/commons-text/1.11.0/commons-text-1.11.0.jar:/Users/eugenewong/.m2/repository/org/apache/commons/commons-collections4/4.4/commons-collections4-4.4.jar:/Users/eugenewong/.m2/repository/javax/xml/bind/jaxb-api/2.3.1/jaxb-api-2.3.1.jar:/Users/eugenewong/.m2/repository/org/apache/commons/commons-lang3/3.14.0/commons-lang3-3.14.0.jar:/Users/eugenewong/.m2/repository/org/liquibase/liquibase-commercial/4.29.2/liquibase-commercial-4.29.2.jar:/Users/eugenewong/.m2/repository/com/h2database/h2/2.2.224/h2-2.2.224.jar:"/>
    <property name="java.vm.vendor" value="Homebrew"/>
    <property name="sun.arch.data.model" value="64"/>
    <property name="java.vendor.url" value="https://github.com/Homebrew/homebrew-core/issues"/>
    <property name="user.timezone" value="America/Los_Angeles"/>
    <property name="org.jboss.logging.provider" value="slf4j"/>
    <property name="os.name" value="Mac OS X"/>
    <property name="java.vm.specification.version" value="21"/>
    <property name="sun.java.launcher" value="SUN_STANDARD"/>
    <property name="user.country" value="GB"/>
    <property name="sun.boot.library.path" value="/opt/homebrew/Cellar/openjdk@21/21.0.4/libexec/openjdk.jdk/Contents/Home/lib"/>
    <property name="sun.java.command" value="/Users/eugenewong/Documents/cs156/team01-f24-07/target/surefire/surefirebooter11837929716042745614.jar /Users/eugenewong/Documents/cs156/team01-f24-07/target/surefire 2024-10-25T18-34-14_053-jvmRun1 surefire12368568941835964817tmp surefire_017955328782487043006tmp"/>
    <property name="http.nonProxyHosts" value="local|*.local|169.254/16|*.169.254/16"/>
    <property name="jdk.debug" value="release"/>
    <property name="surefire.test.class.path" value="/Users/eugenewong/Documents/cs156/team01-f24-07/target/test-classes:/Users/eugenewong/Documents/cs156/team01-f24-07/target/classes:/Users/eugenewong/.m2/repository/org/springframework/boot/spring-boot-starter-data-jpa/3.3.4/spring-boot-starter-data-jpa-3.3.4.jar:/Users/eugenewong/.m2/repository/org/springframework/boot/spring-boot-starter-aop/3.3.4/spring-boot-starter-aop-3.3.4.jar:/Users/eugenewong/.m2/repository/org/aspectj/aspectjweaver/1.9.22.1/aspectjweaver-1.9.22.1.jar:/Users/eugenewong/.m2/repository/org/springframework/boot/spring-boot-starter-jdbc/3.3.4/spring-boot-starter-jdbc-3.3.4.jar:/Users/eugenewong/.m2/repository/com/zaxxer/HikariCP/5.1.0/HikariCP-5.1.0.jar:/Users/eugenewong/.m2/repository/org/springframework/spring-jdbc/6.1.13/spring-jdbc-6.1.13.jar:/Users/eugenewong/.m2/repository/org/hibernate/orm/hibernate-core/6.5.3.Final/hibernate-core-6.5.3.Final.jar:/Users/eugenewong/.m2/repository/jakarta/persistence/jakarta.persistence-api/3.1.0/jakarta.persistence-api-3.1.0.jar:/Users/eugenewong/.m2/repository/jakarta/transaction/jakarta.transaction-api/2.0.1/jakarta.transaction-api-2.0.1.jar:/Users/eugenewong/.m2/repository/org/jboss/logging/jboss-logging/3.5.3.Final/jboss-logging-3.5.3.Final.jar:/Users/eugenewong/.m2/repository/org/hibernate/common/hibernate-commons-annotations/6.0.6.Final/hibernate-commons-annotations-6.0.6.Final.jar:/Users/eugenewong/.m2/repository/io/smallrye/jandex/3.1.2/jandex-3.1.2.jar:/Users/eugenewong/.m2/repository/com/fasterxml/classmate/1.7.0/classmate-1.7.0.jar:/Users/eugenewong/.m2/repository/net/bytebuddy/byte-buddy/1.14.19/byte-buddy-1.14.19.jar:/Users/eugenewong/.m2/repository/org/glassfish/jaxb/jaxb-runtime/4.0.5/jaxb-runtime-4.0.5.jar:/Users/eugenewong/.m2/repository/org/glassfish/jaxb/jaxb-core/4.0.5/jaxb-core-4.0.5.jar:/Users/eugenewong/.m2/repository/org/eclipse/angus/angus-activation/2.0.2/angus-activation-2.0.2.jar:/Users/eugenewong/.m2/repository/org/glassfish/jaxb/txw2/4.0.5/txw2-4.0.5.jar:/Users/eugenewong/.m2/repository/com/sun/istack/istack-commons-runtime/4.1.2/istack-commons-runtime-4.1.2.jar:/Users/eugenewong/.m2/repository/jakarta/inject/jakarta.inject-api/2.0.1/jakarta.inject-api-2.0.1.jar:/Users/eugenewong/.m2/repository/org/antlr/antlr4-runtime/4.13.0/antlr4-runtime-4.13.0.jar:/Users/eugenewong/.m2/repository/org/springframework/data/spring-data-jpa/3.3.4/spring-data-jpa-3.3.4.jar:/Users/eugenewong/.m2/repository/org/springframework/data/spring-data-commons/3.3.4/spring-data-commons-3.3.4.jar:/Users/eugenewong/.m2/repository/org/springframework/spring-orm/6.1.13/spring-orm-6.1.13.jar:/Users/eugenewong/.m2/repository/org/springframework/spring-context/6.1.13/spring-context-6.1.13.jar:/Users/eugenewong/.m2/repository/org/springframework/spring-tx/6.1.13/spring-tx-6.1.13.jar:/Users/eugenewong/.m2/repository/org/springframework/spring-beans/6.1.13/spring-beans-6.1.13.jar:/Users/eugenewong/.m2/repository/jakarta/annotation/jakarta.annotation-api/2.1.1/jakarta.annotation-api-2.1.1.jar:/Users/eugenewong/.m2/repository/org/slf4j/slf4j-api/2.0.16/slf4j-api-2.0.16.jar:/Users/eugenewong/.m2/repository/org/springframework/spring-aspects/6.1.13/spring-aspects-6.1.13.jar:/Users/eugenewong/.m2/repository/org/springframework/boot/spring-boot-starter-oauth2-client/3.3.4/spring-boot-starter-oauth2-client-3.3.4.jar:/Users/eugenewong/.m2/repository/org/springframework/boot/spring-boot-starter/3.3.4/spring-boot-starter-3.3.4.jar:/Users/eugenewong/.m2/repository/org/springframework/boot/spring-boot-starter-logging/3.3.4/spring-boot-starter-logging-3.3.4.jar:/Users/eugenewong/.m2/repository/ch/qos/logback/logback-classic/1.5.8/logback-classic-1.5.8.jar:/Users/eugenewong/.m2/repository/ch/qos/logback/logback-core/1.5.8/logback-core-1.5.8.jar:/Users/eugenewong/.m2/repository/org/apache/logging/log4j/log4j-to-slf4j/2.23.1/log4j-to-slf4j-2.23.1.jar:/Users/eugenewong/.m2/repository/org/apache/logging/log4j/log4j-api/2.23.1/log4j-api-2.23.1.jar:/Users/eugenewong/.m2/repository/org/slf4j/jul-to-slf4j/2.0.16/jul-to-slf4j-2.0.16.jar:/Users/eugenewong/.m2/repository/org/yaml/snakeyaml/2.2/snakeyaml-2.2.jar:/Users/eugenewong/.m2/repository/org/springframework/security/spring-security-config/6.3.3/spring-security-config-6.3.3.jar:/Users/eugenewong/.m2/repository/org/springframework/security/spring-security-core/6.3.3/spring-security-core-6.3.3.jar:/Users/eugenewong/.m2/repository/org/springframework/security/spring-security-crypto/6.3.3/spring-security-crypto-6.3.3.jar:/Users/eugenewong/.m2/repository/org/springframework/spring-expression/6.1.13/spring-expression-6.1.13.jar:/Users/eugenewong/.m2/repository/io/micrometer/micrometer-observation/1.13.4/micrometer-observation-1.13.4.jar:/Users/eugenewong/.m2/repository/io/micrometer/micrometer-commons/1.13.4/micrometer-commons-1.13.4.jar:/Users/eugenewong/.m2/repository/org/springframework/security/spring-security-oauth2-client/6.3.3/spring-security-oauth2-client-6.3.3.jar:/Users/eugenewong/.m2/repository/org/springframework/security/spring-security-oauth2-core/6.3.3/spring-security-oauth2-core-6.3.3.jar:/Users/eugenewong/.m2/repository/com/nimbusds/oauth2-oidc-sdk/9.43.4/oauth2-oidc-sdk-9.43.4.jar:/Users/eugenewong/.m2/repository/com/github/stephenc/jcip/jcip-annotations/1.0-1/jcip-annotations-1.0-1.jar:/Users/eugenewong/.m2/repository/com/nimbusds/content-type/2.2/content-type-2.2.jar:/Users/eugenewong/.m2/repository/com/nimbusds/lang-tag/1.7/lang-tag-1.7.jar:/Users/eugenewong/.m2/repository/org/springframework/security/spring-security-oauth2-jose/6.3.3/spring-security-oauth2-jose-6.3.3.jar:/Users/eugenewong/.m2/repository/com/nimbusds/nimbus-jose-jwt/9.37.3/nimbus-jose-jwt-9.37.3.jar:/Users/eugenewong/.m2/repository/org/springframework/boot/spring-boot-starter-security/3.3.4/spring-boot-starter-security-3.3.4.jar:/Users/eugenewong/.m2/repository/org/springframework/spring-aop/6.1.13/spring-aop-6.1.13.jar:/Users/eugenewong/.m2/repository/org/springframework/security/spring-security-web/6.3.3/spring-security-web-6.3.3.jar:/Users/eugenewong/.m2/repository/org/springframework/boot/spring-boot-starter-web/3.3.4/spring-boot-starter-web-3.3.4.jar:/Users/eugenewong/.m2/repository/org/springframework/boot/spring-boot-starter-json/3.3.4/spring-boot-starter-json-3.3.4.jar:/Users/eugenewong/.m2/repository/com/fasterxml/jackson/core/jackson-databind/2.17.2/jackson-databind-2.17.2.jar:/Users/eugenewong/.m2/repository/com/fasterxml/jackson/datatype/jackson-datatype-jdk8/2.17.2/jackson-datatype-jdk8-2.17.2.jar:/Users/eugenewong/.m2/repository/com/fasterxml/jackson/datatype/jackson-datatype-jsr310/2.17.2/jackson-datatype-jsr310-2.17.2.jar:/Users/eugenewong/.m2/repository/com/fasterxml/jackson/module/jackson-module-parameter-names/2.17.2/jackson-module-parameter-names-2.17.2.jar:/Users/eugenewong/.m2/repository/org/springframework/boot/spring-boot-starter-tomcat/3.3.4/spring-boot-starter-tomcat-3.3.4.jar:/Users/eugenewong/.m2/repository/org/apache/tomcat/embed/tomcat-embed-core/10.1.30/tomcat-embed-core-10.1.30.jar:/Users/eugenewong/.m2/repository/org/apache/tomcat/embed/tomcat-embed-el/10.1.30/tomcat-embed-el-10.1.30.jar:/Users/eugenewong/.m2/repository/org/apache/tomcat/embed/tomcat-embed-websocket/10.1.30/tomcat-embed-websocket-10.1.30.jar:/Users/eugenewong/.m2/repository/org/springframework/spring-web/6.1.13/spring-web-6.1.13.jar:/Users/eugenewong/.m2/repository/org/springframework/spring-webmvc/6.1.13/spring-webmvc-6.1.13.jar:/Users/eugenewong/.m2/repository/org/springframework/cloud/spring-cloud-gateway-mvc/4.1.3/spring-cloud-gateway-mvc-4.1.3.jar:/Users/eugenewong/.m2/repository/me/paulschwarz/spring-dotenv/2.4.1/spring-dotenv-2.4.1.jar:/Users/eugenewong/.m2/repository/io/github/cdimascio/dotenv-java/2.2.0/dotenv-java-2.2.0.jar:/Users/eugenewong/.m2/repository/org/projectlombok/lombok/1.18.34/lombok-1.18.34.jar:/Users/eugenewong/.m2/repository/org/springframework/boot/spring-boot-devtools/3.3.4/spring-boot-devtools-3.3.4.jar:/Users/eugenewong/.m2/repository/org/springframework/boot/spring-boot/3.3.4/spring-boot-3.3.4.jar:/Users/eugenewong/.m2/repository/org/springframework/boot/spring-boot-autoconfigure/3.3.4/spring-boot-autoconfigure-3.3.4.jar:/Users/eugenewong/.m2/repository/org/postgresql/postgresql/42.7.4/postgresql-42.7.4.jar:/Users/eugenewong/.m2/repository/org/checkerframework/checker-qual/3.42.0/checker-qual-3.42.0.jar:/Users/eugenewong/.m2/repository/org/springframework/boot/spring-boot-configuration-processor/3.3.4/spring-boot-configuration-processor-3.3.4.jar:/Users/eugenewong/.m2/repository/org/springframework/boot/spring-boot-starter-test/3.3.4/spring-boot-starter-test-3.3.4.jar:/Users/eugenewong/.m2/repository/org/springframework/boot/spring-boot-test/3.3.4/spring-boot-test-3.3.4.jar:/Users/eugenewong/.m2/repository/org/springframework/boot/spring-boot-test-autoconfigure/3.3.4/spring-boot-test-autoconfigure-3.3.4.jar:/Users/eugenewong/.m2/repository/com/jayway/jsonpath/json-path/2.9.0/json-path-2.9.0.jar:/Users/eugenewong/.m2/repository/jakarta/xml/bind/jakarta.xml.bind-api/4.0.2/jakarta.xml.bind-api-4.0.2.jar:/Users/eugenewong/.m2/repository/jakarta/activation/jakarta.activation-api/2.1.3/jakarta.activation-api-2.1.3.jar:/Users/eugenewong/.m2/repository/net/minidev/json-smart/2.5.1/json-smart-2.5.1.jar:/Users/eugenewong/.m2/repository/net/minidev/accessors-smart/2.5.1/accessors-smart-2.5.1.jar:/Users/eugenewong/.m2/repository/org/ow2/asm/asm/9.6/asm-9.6.jar:/Users/eugenewong/.m2/repository/org/assertj/assertj-core/3.25.3/assertj-core-3.25.3.jar:/Users/eugenewong/.m2/repository/org/awaitility/awaitility/4.2.2/awaitility-4.2.2.jar:/Users/eugenewong/.m2/repository/org/hamcrest/hamcrest/2.2/hamcrest-2.2.jar:/Users/eugenewong/.m2/repository/org/junit/jupiter/junit-jupiter/5.10.3/junit-jupiter-5.10.3.jar:/Users/eugenewong/.m2/repository/org/junit/jupiter/junit-jupiter-api/5.10.3/junit-jupiter-api-5.10.3.jar:/Users/eugenewong/.m2/repository/org/junit/platform/junit-platform-commons/1.10.3/junit-platform-commons-1.10.3.jar:/Users/eugenewong/.m2/repository/org/apiguardian/apiguardian-api/1.1.2/apiguardian-api-1.1.2.jar:/Users/eugenewong/.m2/repository/org/junit/jupiter/junit-jupiter-params/5.10.3/junit-jupiter-params-5.10.3.jar:/Users/eugenewong/.m2/repository/org/junit/jupiter/junit-jupiter-engine/5.10.3/junit-jupiter-engine-5.10.3.jar:/Users/eugenewong/.m2/repository/org/junit/platform/junit-platform-engine/1.10.3/junit-platform-engine-1.10.3.jar:/Users/eugenewong/.m2/repository/org/mockito/mockito-core/5.11.0/mockito-core-5.11.0.jar:/Users/eugenewong/.m2/repository/net/bytebuddy/byte-buddy-agent/1.14.19/byte-buddy-agent-1.14.19.jar:/Users/eugenewong/.m2/repository/org/objenesis/objenesis/3.3/objenesis-3.3.jar:/Users/eugenewong/.m2/repository/org/mockito/mockito-junit-jupiter/5.11.0/mockito-junit-jupiter-5.11.0.jar:/Users/eugenewong/.m2/repository/org/skyscreamer/jsonassert/1.5.3/jsonassert-1.5.3.jar:/Users/eugenewong/.m2/repository/com/vaadin/external/google/android-json/0.0.20131108.vaadin1/android-json-0.0.20131108.vaadin1.jar:/Users/eugenewong/.m2/repository/org/springframework/spring-core/6.1.13/spring-core-6.1.13.jar:/Users/eugenewong/.m2/repository/org/springframework/spring-jcl/6.1.13/spring-jcl-6.1.13.jar:/Users/eugenewong/.m2/repository/org/springframework/spring-test/6.1.13/spring-test-6.1.13.jar:/Users/eugenewong/.m2/repository/org/xmlunit/xmlunit-core/2.9.1/xmlunit-core-2.9.1.jar:/Users/eugenewong/.m2/repository/org/springframework/security/spring-security-test/6.3.3/spring-security-test-6.3.3.jar:/Users/eugenewong/.m2/repository/com/microsoft/playwright/playwright/1.47.0/playwright-1.47.0.jar:/Users/eugenewong/.m2/repository/com/google/code/gson/gson/2.10.1/gson-2.10.1.jar:/Users/eugenewong/.m2/repository/org/opentest4j/opentest4j/1.3.0/opentest4j-1.3.0.jar:/Users/eugenewong/.m2/repository/com/microsoft/playwright/driver/1.47.0/driver-1.47.0.jar:/Users/eugenewong/.m2/repository/com/microsoft/playwright/driver-bundle/1.47.0/driver-bundle-1.47.0.jar:/Users/eugenewong/.m2/repository/org/wiremock/wiremock-jetty12/3.9.1/wiremock-jetty12-3.9.1.jar:/Users/eugenewong/.m2/repository/org/wiremock/wiremock/3.9.1/wiremock-3.9.1.jar:/Users/eugenewong/.m2/repository/com/google/guava/guava/33.2.1-jre/guava-33.2.1-jre.jar:/Users/eugenewong/.m2/repository/com/google/guava/failureaccess/1.0.2/failureaccess-1.0.2.jar:/Users/eugenewong/.m2/repository/com/google/guava/listenablefuture/9999.0-empty-to-avoid-conflict-with-guava/listenablefuture-9999.0-empty-to-avoid-conflict-with-guava.jar:/Users/eugenewong/.m2/repository/com/google/errorprone/error_prone_annotations/2.26.1/error_prone_annotations-2.26.1.jar:/Users/eugenewong/.m2/repository/com/google/j2objc/j2objc-annotations/3.0.0/j2objc-annotations-3.0.0.jar:/Users/eugenewong/.m2/repository/com/fasterxml/jackson/core/jackson-core/2.17.2/jackson-core-2.17.2.jar:/Users/eugenewong/.m2/repository/com/fasterxml/jackson/core/jackson-annotations/2.17.2/jackson-annotations-2.17.2.jar:/Users/eugenewong/.m2/repository/org/apache/httpcomponents/client5/httpclient5/5.3.1/httpclient5-5.3.1.jar:/Users/eugenewong/.m2/repository/org/apache/httpcomponents/core5/httpcore5/5.2.5/httpcore5-5.2.5.jar:/Users/eugenewong/.m2/repository/org/apache/httpcomponents/core5/httpcore5-h2/5.2.5/httpcore5-h2-5.2.5.jar:/Users/eugenewong/.m2/repository/org/xmlunit/xmlunit-legacy/2.9.1/xmlunit-legacy-2.9.1.jar:/Users/eugenewong/.m2/repository/org/xmlunit/xmlunit-placeholders/2.9.1/xmlunit-placeholders-2.9.1.jar:/Users/eugenewong/.m2/repository/net/javacrumbs/json-unit/json-unit-core/2.40.0/json-unit-core-2.40.0.jar:/Users/eugenewong/.m2/repository/org/hamcrest/hamcrest-core/2.2/hamcrest-core-2.2.jar:/Users/eugenewong/.m2/repository/net/sf/jopt-simple/jopt-simple/5.0.4/jopt-simple-5.0.4.jar:/Users/eugenewong/.m2/repository/com/github/jknack/handlebars/4.3.1/handlebars-4.3.1.jar:/Users/eugenewong/.m2/repository/com/github/jknack/handlebars-helpers/4.3.1/handlebars-helpers-4.3.1.jar:/Users/eugenewong/.m2/repository/commons-fileupload/commons-fileupload/1.5/commons-fileupload-1.5.jar:/Users/eugenewong/.m2/repository/commons-io/commons-io/2.11.0/commons-io-2.11.0.jar:/Users/eugenewong/.m2/repository/com/networknt/json-schema-validator/1.5.0/json-schema-validator-1.5.0.jar:/Users/eugenewong/.m2/repository/com/ethlo/time/itu/1.10.2/itu-1.10.2.jar:/Users/eugenewong/.m2/repository/com/fasterxml/jackson/dataformat/jackson-dataformat-yaml/2.17.2/jackson-dataformat-yaml-2.17.2.jar:/Users/eugenewong/.m2/repository/org/eclipse/jetty/jetty-server/12.0.13/jetty-server-12.0.13.jar:/Users/eugenewong/.m2/repository/org/eclipse/jetty/jetty-http/12.0.13/jetty-http-12.0.13.jar:/Users/eugenewong/.m2/repository/org/eclipse/jetty/jetty-io/12.0.13/jetty-io-12.0.13.jar:/Users/eugenewong/.m2/repository/org/eclipse/jetty/jetty-proxy/12.0.13/jetty-proxy-12.0.13.jar:/Users/eugenewong/.m2/repository/org/eclipse/jetty/jetty-client/12.0.13/jetty-client-12.0.13.jar:/Users/eugenewong/.m2/repository/org/eclipse/jetty/jetty-alpn-server/12.0.13/jetty-alpn-server-12.0.13.jar:/Users/eugenewong/.m2/repository/org/eclipse/jetty/jetty-alpn-java-server/12.0.13/jetty-alpn-java-server-12.0.13.jar:/Users/eugenewong/.m2/repository/org/eclipse/jetty/jetty-alpn-java-client/12.0.13/jetty-alpn-java-client-12.0.13.jar:/Users/eugenewong/.m2/repository/org/eclipse/jetty/jetty-alpn-client/12.0.13/jetty-alpn-client-12.0.13.jar:/Users/eugenewong/.m2/repository/org/eclipse/jetty/ee10/jetty-ee10-servlet/12.0.13/jetty-ee10-servlet-12.0.13.jar:/Users/eugenewong/.m2/repository/jakarta/servlet/jakarta.servlet-api/6.0.0/jakarta.servlet-api-6.0.0.jar:/Users/eugenewong/.m2/repository/org/eclipse/jetty/jetty-security/12.0.13/jetty-security-12.0.13.jar:/Users/eugenewong/.m2/repository/org/eclipse/jetty/jetty-session/12.0.13/jetty-session-12.0.13.jar:/Users/eugenewong/.m2/repository/org/eclipse/jetty/ee10/jetty-ee10-servlets/12.0.13/jetty-ee10-servlets-12.0.13.jar:/Users/eugenewong/.m2/repository/org/eclipse/jetty/jetty-util/12.0.13/jetty-util-12.0.13.jar:/Users/eugenewong/.m2/repository/org/eclipse/jetty/ee10/jetty-ee10-webapp/12.0.13/jetty-ee10-webapp-12.0.13.jar:/Users/eugenewong/.m2/repository/org/eclipse/jetty/jetty-ee/12.0.13/jetty-ee-12.0.13.jar:/Users/eugenewong/.m2/repository/org/eclipse/jetty/jetty-xml/12.0.13/jetty-xml-12.0.13.jar:/Users/eugenewong/.m2/repository/org/eclipse/jetty/http2/jetty-http2-server/12.0.13/jetty-http2-server-12.0.13.jar:/Users/eugenewong/.m2/repository/org/eclipse/jetty/http2/jetty-http2-common/12.0.13/jetty-http2-common-12.0.13.jar:/Users/eugenewong/.m2/repository/org/eclipse/jetty/http2/jetty-http2-hpack/12.0.13/jetty-http2-hpack-12.0.13.jar:/Users/eugenewong/.m2/repository/jakarta/validation/jakarta.validation-api/3.1.0/jakarta.validation-api-3.1.0.jar:/Users/eugenewong/.m2/repository/org/springdoc/springdoc-openapi-starter-webmvc-ui/2.5.0/springdoc-openapi-starter-webmvc-ui-2.5.0.jar:/Users/eugenewong/.m2/repository/org/springdoc/springdoc-openapi-starter-webmvc-api/2.5.0/springdoc-openapi-starter-webmvc-api-2.5.0.jar:/Users/eugenewong/.m2/repository/org/springdoc/springdoc-openapi-starter-common/2.5.0/springdoc-openapi-starter-common-2.5.0.jar:/Users/eugenewong/.m2/repository/io/swagger/core/v3/swagger-core-jakarta/2.2.21/swagger-core-jakarta-2.2.21.jar:/Users/eugenewong/.m2/repository/io/swagger/core/v3/swagger-annotations-jakarta/2.2.21/swagger-annotations-jakarta-2.2.21.jar:/Users/eugenewong/.m2/repository/io/swagger/core/v3/swagger-models-jakarta/2.2.21/swagger-models-jakarta-2.2.21.jar:/Users/eugenewong/.m2/repository/org/webjars/swagger-ui/5.13.0/swagger-ui-5.13.0.jar:/Users/eugenewong/.m2/repository/org/liquibase/liquibase-maven-plugin/4.29.2/liquibase-maven-plugin-4.29.2.jar:/Users/eugenewong/.m2/repository/org/liquibase/liquibase-core/4.27.0/liquibase-core-4.27.0.jar:/Users/eugenewong/.m2/repository/com/opencsv/opencsv/5.9/opencsv-5.9.jar:/Users/eugenewong/.m2/repository/org/apache/commons/commons-text/1.11.0/commons-text-1.11.0.jar:/Users/eugenewong/.m2/repository/org/apache/commons/commons-collections4/4.4/commons-collections4-4.4.jar:/Users/eugenewong/.m2/repository/javax/xml/bind/jaxb-api/2.3.1/jaxb-api-2.3.1.jar:/Users/eugenewong/.m2/repository/org/apache/commons/commons-lang3/3.14.0/commons-lang3-3.14.0.jar:/Users/eugenewong/.m2/repository/org/liquibase/liquibase-commercial/4.29.2/liquibase-commercial-4.29.2.jar:/Users/eugenewong/.m2/repository/com/h2database/h2/2.2.224/h2-2.2.224.jar:"/>
    <property name="sun.cpu.endian" value="little"/>
    <property name="user.home" value="/Users/eugenewong"/>
    <property name="user.language" value="en"/>
    <property name="java.specification.vendor" value="Oracle Corporation"/>
    <property name="java.version.date" value="2024-07-16"/>
    <property name="java.home" value="/opt/homebrew/Cellar/openjdk@21/21.0.4/libexec/openjdk.jdk/Contents/Home"/>
    <property name="file.separator" value="/"/>
    <property name="basedir" value="/Users/eugenewong/Documents/cs156/team01-f24-07"/>
    <property name="java.vm.compressedOopsMode" value="Zero based"/>
    <property name="line.separator" value="&#10;"/>
    <property name="java.vm.specification.vendor" value="Oracle Corporation"/>
    <property name="java.specification.name" value="Java Platform API Specification"/>
    <property name="FILE_LOG_CHARSET" value="UTF-8"/>
    <property name="java.awt.headless" value="true"/>
    <property name="apple.awt.application.name" value="ForkedBooter"/>
    <property name="surefire.real.class.path" value="/Users/eugenewong/Documents/cs156/team01-f24-07/target/surefire/surefirebooter11837929716042745614.jar"/>
    <property name="sun.management.compiler" value="HotSpot 64-Bit Tiered Compilers"/>
    <property name="ftp.nonProxyHosts" value="local|*.local|169.254/16|*.169.254/16"/>
    <property name="java.runtime.version" value="21.0.4"/>
    <property name="user.name" value="eugenewong"/>
    <property name="stdout.encoding" value="UTF-8"/>
    <property name="path.separator" value=":"/>
    <property name="os.version" value="14.0"/>
    <property name="java.runtime.name" value="OpenJDK Runtime Environment"/>
    <property name="file.encoding" value="UTF-8"/>
    <property name="java.vm.name" value="OpenJDK 64-Bit Server VM"/>
    <property name="java.vendor.version" value="Homebrew"/>
    <property name="localRepository" value="/Users/eugenewong/.m2/repository"/>
    <property name="java.vendor.url.bug" value="https://github.com/Homebrew/homebrew-core/issues"/>
    <property name="java.io.tmpdir" value="/var/folders/g5/1pd5_fjn23xfcp1skn7rqpv40000gn/T/"/>
    <property name="java.version" value="21.0.4"/>
    <property name="user.dir" value="/Users/eugenewong/Documents/cs156/team01-f24-07"/>
    <property name="os.arch" value="aarch64"/>
    <property name="java.vm.specification.name" value="Java Virtual Machine Specification"/>
    <property name="PID" value="72067"/>
    <property name="CONSOLE_LOG_CHARSET" value="UTF-8"/>
    <property name="native.encoding" value="UTF-8"/>
    <property name="java.library.path" value="/Users/eugenewong/Library/Java/Extensions:/Library/Java/Extensions:/Network/Library/Java/Extensions:/System/Library/Java/Extensions:/usr/lib/java:."/>
    <property name="java.vm.info" value="mixed mode, sharing"/>
    <property name="stderr.encoding" value="UTF-8"/>
    <property name="java.vendor" value="Homebrew"/>
    <property name="java.vm.version" value="21.0.4"/>
    <property name="sun.io.unicode.encoding" value="UnicodeBig"/>
    <property name="socksNonProxyHosts" value="local|*.local|169.254/16|*.169.254/16"/>
    <property name="java.class.version" value="65.0"/>
  </properties>
  <testcase name="admin_can_delete_a_helprequest" classname="edu.ucsb.cs156.example.controllers.HelpRequestControllerTests" time="0.007">
    <system-out><![CDATA[2024-10-25T18:34:20.976-07:00  INFO 72067 --- [           main] t.c.s.AnnotationConfigContextLoaderUtils : Could not detect default configuration classes for test class [edu.ucsb.cs156.example.controllers.HelpRequestControllerTests]: HelpRequestControllerTests does not declare any static, non-private, non-final, nested classes annotated with @Configuration.
2024-10-25T18:34:20.978-07:00  INFO 72067 --- [           main] .b.t.c.SpringBootTestContextBootstrapper : Found @SpringBootConfiguration edu.ucsb.cs156.example.ExampleApplication for test class edu.ucsb.cs156.example.controllers.HelpRequestControllerTests
2024-10-25T18:34:20.980-07:00  INFO 72067 --- [           main] o.s.b.d.r.RestartApplicationListener     : Restart disabled due to context in which it is running

  .   ____          _            __ _ _
 /\\ / ___'_ __ _ _(_)_ __  __ _ \ \ \ \
( ( )\___ | '_ | '_| | '_ \/ _` | \ \ \ \
 \\/  ___)| |_)| | | | | || (_| |  ) ) ) )
  '  |____| .__|_| |_|_| |_\__, | / / / /
 =========|_|==============|___/=/_/_/_/

 :: Spring Boot ::                (v3.3.4)

2024-10-25T18:34:20.986-07:00  INFO 72067 --- [           main] m.p.springdotenv.DotenvPropertySource    : Initializing Dotenv with DotenvConfig{directory=null, filename=null, ignoreIfMalformed=false, ignoreIfMissing=true, systemProperties=false}
2024-10-25T18:34:20.987-07:00  INFO 72067 --- [           main] e.u.c.e.c.HelpRequestControllerTests     : Starting HelpRequestControllerTests using Java 21.0.4 with PID 72067 (started by eugenewong in /Users/eugenewong/Documents/cs156/team01-f24-07)
2024-10-25T18:34:20.987-07:00  INFO 72067 --- [           main] e.u.c.e.c.HelpRequestControllerTests     : The following 1 profile is active: "test"
2024-10-25T18:34:21.116-07:00  WARN 72067 --- [           main] o.s.s.c.a.web.builders.WebSecurity       : You are asking Spring Security to ignore Ant [pattern='/h2-console/**']. This is not recommended -- please use permitAll via HttpSecurity#authorizeHttpRequests instead.
2024-10-25T18:34:21.150-07:00  INFO 72067 --- [           main] o.s.b.t.m.w.SpringBootMockServletContext : Initializing Spring TestDispatcherServlet ''
2024-10-25T18:34:21.150-07:00  INFO 72067 --- [           main] o.s.t.web.servlet.TestDispatcherServlet  : Initializing Servlet ''
2024-10-25T18:34:21.150-07:00  INFO 72067 --- [           main] o.s.t.web.servlet.TestDispatcherServlet  : Completed initialization in 0 ms
2024-10-25T18:34:21.153-07:00  INFO 72067 --- [           main] e.u.c.e.c.HelpRequestControllerTests     : Started HelpRequestControllerTests in 0.173 seconds (process running for 6.921)
]]></system-out>
  </testcase>
  <testcase name="logged_out_users_cannot_post" classname="edu.ucsb.cs156.example.controllers.HelpRequestControllerTests" time="0.002"/>
  <testcase name="logged_in_user_can_get_all_helprequests" classname="edu.ucsb.cs156.example.controllers.HelpRequestControllerTests" time="0.004"/>
  <testcase name="logged_out_users_cannot_get_all" classname="edu.ucsb.cs156.example.controllers.HelpRequestControllerTests" time="0.001"/>
  <testcase name="logged_in_regular_users_cannot_post" classname="edu.ucsb.cs156.example.controllers.HelpRequestControllerTests" time="0.001"/>
  <testcase name="logged_in_users_can_get_all" classname="edu.ucsb.cs156.example.controllers.HelpRequestControllerTests" time="0.002"/>
  <testcase name="admin_tries_to_delete_non_existant_helprequest_and_gets_right_error_message" classname="edu.ucsb.cs156.example.controllers.HelpRequestControllerTests" time="0.002"/>
  <testcase name="admin_cannot_edit_helprequest_that_does_not_exist" classname="edu.ucsb.cs156.example.controllers.HelpRequestControllerTests" time="0.004"/>
  <testcase name="admin_can_edit_an_existing_helprequest" classname="edu.ucsb.cs156.example.controllers.HelpRequestControllerTests" time="0.004"/>
  <testcase name="logged_out_users_cannot_get_by_id" classname="edu.ucsb.cs156.example.controllers.HelpRequestControllerTests" time="0.002"/>
  <testcase name="test_that_logged_in_user_can_get_by_id_when_the_id_exists" classname="edu.ucsb.cs156.example.controllers.HelpRequestControllerTests" time="0.002"/>
  <testcase name="test_that_logged_in_user_can_get_by_id_when_the_id_does_not_exist" classname="edu.ucsb.cs156.example.controllers.HelpRequestControllerTests" time="0.002"/>
  <testcase name="an_admin_user_can_post_a_new_helprequest" classname="edu.ucsb.cs156.example.controllers.HelpRequestControllerTests" time="0.004">
    <system-out><![CDATA[2024-10-25T18:34:21.194-07:00  INFO 72067 --- [           main] e.u.c.e.c.HelpRequestsController         : localDateTime=2022-01-03T00:00
]]></system-out>
  </testcase>
</testsuite>